[2022-09-14T19:53:14.014] [DEBUG] cheese - login => username:admin1,password:qwertyu
[2022-09-14T19:53:14.017] [DEBUG] cheese - admin1
[2022-09-14T19:53:14.037] [DEBUG] cheese - null
[2022-09-14T19:53:14.038] [DEBUG] cheese - null
[2022-09-14T20:00:58.083] [DEBUG] cheese - login => username:admin123,password:admin123
[2022-09-14T20:00:58.083] [DEBUG] cheese - admin123
[2022-09-14T20:00:58.085] [DEBUG] cheese - null
[2022-09-14T20:00:58.085] [DEBUG] cheese - null
[2022-09-14T21:50:43.967] [DEBUG] cheese - login => username:admin123,password:admin123
[2022-09-14T21:50:43.968] [DEBUG] cheese - admin123
[2022-09-14T21:50:43.980] [DEBUG] cheese - null
[2022-09-14T21:50:43.981] [DEBUG] cheese - null
[2022-09-14T21:50:45.257] [DEBUG] cheese - login => username:admin123,password:admin123
[2022-09-14T21:50:45.257] [DEBUG] cheese - admin123
[2022-09-14T21:50:45.258] [DEBUG] cheese - null
[2022-09-14T21:50:45.258] [DEBUG] cheese - null
[2022-09-14T21:50:45.993] [DEBUG] cheese - login => username:admin123,password:admin123
[2022-09-14T21:50:45.993] [DEBUG] cheese - admin123
[2022-09-14T21:50:45.995] [DEBUG] cheese - null
[2022-09-14T21:50:45.995] [DEBUG] cheese - null
[2022-09-14T21:51:52.791] [DEBUG] cheese - login => username:admin123,password:admin123
[2022-09-14T21:51:52.792] [DEBUG] cheese - admin123
[2022-09-14T21:51:52.793] [DEBUG] cheese - null
[2022-09-14T21:51:52.793] [DEBUG] cheese - null
[2022-09-14T21:52:08.174] [DEBUG] cheese - login => username:admin,password:admin123
[2022-09-14T21:52:08.174] [DEBUG] cheese - admin
[2022-09-14T21:52:08.188] [DEBUG] cheese - null
[2022-09-14T21:52:08.188] [DEBUG] cheese - null
[2022-09-14T21:53:44.942] [DEBUG] cheese - login => username:admin,password:admin123
[2022-09-14T21:53:44.942] [DEBUG] cheese - admin
[2022-09-14T21:53:44.945] [DEBUG] cheese - null
[2022-09-14T21:53:44.945] [DEBUG] cheese - null
[2022-09-14T21:56:46.838] [DEBUG] cheese - login => username:admin,password:123456
[2022-09-14T21:56:46.839] [DEBUG] cheese - admin
[2022-09-14T21:56:46.844] [DEBUG] cheese - null
[2022-09-14T21:56:46.844] [DEBUG] cheese - null
[2022-09-14T21:58:55.748] [DEBUG] cheese - login => username:admin,password:123456
[2022-09-14T21:58:55.748] [DEBUG] cheese - admin
[2022-09-14T21:58:55.750] [DEBUG] cheese - null
[2022-09-14T21:58:55.750] [DEBUG] cheese - null
[2022-09-14T22:01:57.072] [DEBUG] cheese - login => username:admin,password:123456
[2022-09-14T22:01:57.072] [DEBUG] cheese - admin
[2022-09-14T22:01:57.077] [DEBUG] cheese - null
[2022-09-14T22:01:57.077] [DEBUG] cheese - null
[2022-09-15T07:41:34.956] [DEBUG] cheese - login => username:admin,password:123456
[2022-09-15T07:41:34.958] [DEBUG] cheese - admin
[2022-09-15T07:41:34.975] [DEBUG] cheese - null
[2022-09-15T07:41:34.976] [DEBUG] cheese - null
[2022-09-15T09:08:24.853] [DEBUG] cheese - login => username:admin,password:123456
[2022-09-15T09:08:24.854] [DEBUG] cheese - admin
[2022-09-15T09:08:24.865] [DEBUG] cheese - null
[2022-09-15T09:08:24.865] [DEBUG] cheese - null
[2022-09-15T10:05:01.215] [DEBUG] cheese - login => username:admin,password:123456
[2022-09-15T10:05:01.216] [DEBUG] cheese - admin
[2022-09-15T10:05:01.224] [DEBUG] cheese - null
[2022-09-15T10:05:01.224] [DEBUG] cheese - null
[2022-09-15T10:54:06.205] [DEBUG] cheese - login => username:admin,password:123456
[2022-09-15T10:54:06.207] [DEBUG] cheese - admin
[2022-09-15T10:54:06.215] [DEBUG] cheese - null
[2022-09-15T10:54:06.215] [DEBUG] cheese - null
[2022-09-15T12:46:07.324] [DEBUG] cheese - login => username:admin,password:123456
[2022-09-15T12:46:07.324] [DEBUG] cheese - admin
[2022-09-15T12:46:07.330] [DEBUG] cheese - null
[2022-09-15T12:46:07.330] [DEBUG] cheese - null
[2022-09-15T12:52:45.586] [DEBUG] cheese - login => username:admin,password:123456
[2022-09-15T12:52:45.587] [DEBUG] cheese - admin
[2022-09-15T12:52:45.589] [DEBUG] cheese - null
[2022-09-15T12:52:45.589] [DEBUG] cheese - null
[2022-09-15T13:02:43.331] [DEBUG] cheese - login => username:admin,password:123456
[2022-09-15T13:02:43.331] [DEBUG] cheese - admin
[2022-09-15T13:02:43.333] [DEBUG] cheese - null
[2022-09-15T13:02:43.333] [DEBUG] cheese - null
[2022-09-15T18:38:20.256] [DEBUG] cheese - login => username:admin,password:123456
[2022-09-15T18:38:20.257] [DEBUG] cheese - admin
[2022-09-15T18:38:20.277] [DEBUG] cheese - null
[2022-09-15T18:38:20.277] [DEBUG] cheese - null
[2022-09-15T21:25:46.814] [DEBUG] cheese - login => username:admin,password:123456
[2022-09-15T21:25:46.815] [DEBUG] cheese - admin
[2022-09-15T21:25:46.835] [DEBUG] cheese - null
[2022-09-15T21:25:46.835] [DEBUG] cheese - null
[2022-09-15T21:45:09.152] [DEBUG] cheese - login => username:admin,password:123456
[2022-09-15T21:45:09.152] [DEBUG] cheese - admin
[2022-09-15T21:45:09.159] [DEBUG] cheese - null
[2022-09-15T21:45:09.159] [DEBUG] cheese - null
[2022-09-15T21:47:29.008] [DEBUG] cheese - login => username:admin,password:123456
[2022-09-15T21:47:29.008] [DEBUG] cheese - admin
[2022-09-15T21:47:29.010] [DEBUG] cheese - null
[2022-09-15T21:47:29.010] [DEBUG] cheese - null
[2022-09-15T21:48:15.732] [DEBUG] cheese - login => username:admin,password:123456
[2022-09-15T21:48:15.732] [DEBUG] cheese - admin
[2022-09-15T21:48:15.734] [DEBUG] cheese - null
[2022-09-15T21:48:15.734] [DEBUG] cheese - null
[2022-09-15T21:53:08.866] [DEBUG] cheese - login => username:admin,password:123456
[2022-09-15T21:53:08.866] [DEBUG] cheese - admin
[2022-09-15T21:53:08.869] [DEBUG] cheese - null
[2022-09-15T21:53:08.869] [DEBUG] cheese - null
[2022-09-15T22:59:10.500] [DEBUG] cheese - login => username:admin,password:123456
[2022-09-15T22:59:10.501] [DEBUG] cheese - admin
[2022-09-15T22:59:10.513] [DEBUG] cheese - null
[2022-09-15T22:59:10.513] [DEBUG] cheese - null
[2022-09-16T08:11:15.985] [DEBUG] cheese - login => username:admin,password:123456
[2022-09-16T08:11:15.987] [DEBUG] cheese - admin
[2022-09-16T08:11:16.008] [DEBUG] cheese - null
[2022-09-16T08:11:16.008] [DEBUG] cheese - null
[2022-09-16T08:13:14.160] [DEBUG] cheese - login => username:admin,password:123456
[2022-09-16T08:13:14.160] [DEBUG] cheese - admin
[2022-09-16T08:13:14.162] [DEBUG] cheese - null
[2022-09-16T08:13:14.162] [DEBUG] cheese - null
[2022-09-16T10:05:47.199] [DEBUG] cheese - login => username:admin,password:123456
[2022-09-16T10:05:47.202] [DEBUG] cheese - admin
[2022-09-16T10:05:47.217] [DEBUG] cheese - null
[2022-09-16T10:05:47.217] [DEBUG] cheese - null
[2022-09-16T10:24:49.121] [DEBUG] cheese - login => username:admin,password:123456
[2022-09-16T10:24:49.121] [DEBUG] cheese - admin
[2022-09-16T10:24:49.130] [DEBUG] cheese - null
[2022-09-16T10:24:49.131] [DEBUG] cheese - null
[2022-09-16T12:32:05.577] [DEBUG] cheese - login => username:admin,password:123456
[2022-09-16T12:32:05.581] [DEBUG] cheese - admin
[2022-09-16T12:32:05.597] [DEBUG] cheese - null
[2022-09-16T12:32:05.597] [DEBUG] cheese - null
[2022-09-16T12:42:29.496] [DEBUG] cheese - login => username:admin,password:123456
[2022-09-16T12:42:29.496] [DEBUG] cheese - admin
[2022-09-16T12:42:29.500] [DEBUG] cheese - null
[2022-09-16T12:42:29.500] [DEBUG] cheese - null
[2022-09-16T12:42:51.174] [DEBUG] cheese - login => username:admin,password:123456
[2022-09-16T12:42:51.174] [DEBUG] cheese - admin
[2022-09-16T12:42:51.179] [DEBUG] cheese - null
[2022-09-16T12:42:51.179] [DEBUG] cheese - null
[2022-09-16T14:51:40.513] [DEBUG] cheese - login => username:admin,password:123456
[2022-09-16T14:51:40.514] [DEBUG] cheese - admin
[2022-09-16T14:51:40.525] [DEBUG] cheese - null
[2022-09-16T14:51:40.525] [DEBUG] cheese - null
[2022-09-16T14:53:47.437] [DEBUG] cheese - login => username:admin,password:123456
[2022-09-16T14:53:47.437] [DEBUG] cheese - admin
[2022-09-16T14:53:47.438] [DEBUG] cheese - null
[2022-09-16T14:53:47.439] [DEBUG] cheese - null
[2022-09-16T15:25:05.866] [DEBUG] cheese - login => username:admin,password:123456
[2022-09-16T15:25:05.868] [DEBUG] cheese - admin
[2022-09-16T15:25:05.881] [DEBUG] cheese - null
[2022-09-16T15:25:05.882] [DEBUG] cheese - null
[2022-09-16T15:33:02.678] [DEBUG] cheese - login => username:admin,password:123456
[2022-09-16T15:33:02.681] [DEBUG] cheese - admin
[2022-09-16T15:33:02.686] [DEBUG] cheese - null
[2022-09-16T15:33:02.686] [DEBUG] cheese - null
[2022-09-16T16:19:49.049] [DEBUG] cheese - login => username:admin,password:123456
[2022-09-16T16:19:49.050] [DEBUG] cheese - admin
[2022-09-16T16:19:49.054] [DEBUG] cheese - null
[2022-09-16T16:19:49.054] [DEBUG] cheese - null
[2022-09-16T21:18:53.419] [DEBUG] cheese - login => username:admin,password:123456
[2022-09-16T21:18:53.421] [DEBUG] cheese - admin
[2022-09-16T21:18:53.432] [DEBUG] cheese - null
[2022-09-16T21:18:53.432] [DEBUG] cheese - null
[2022-09-16T21:28:16.478] [DEBUG] cheese - login => username:admin,password:123456
[2022-09-16T21:28:16.478] [DEBUG] cheese - admin
[2022-09-16T21:28:16.479] [DEBUG] cheese - null
[2022-09-16T21:28:16.479] [DEBUG] cheese - null
[2022-09-17T08:08:18.039] [DEBUG] cheese - login => username:admin,password:123456
[2022-09-17T08:08:18.040] [DEBUG] cheese - admin
[2022-09-17T08:08:18.065] [DEBUG] cheese - null
[2022-09-17T08:08:18.066] [DEBUG] cheese - null
[2022-09-17T19:58:13.287] [DEBUG] cheese - login => username:admin,password:123456
[2022-09-17T19:58:13.291] [DEBUG] cheese - admin
[2022-09-17T19:58:13.298] [DEBUG] cheese - null
[2022-09-17T19:58:13.299] [DEBUG] cheese - null
[2022-09-18T06:31:34.718] [DEBUG] cheese - login => username:admin,password:123456
[2022-09-18T06:31:34.719] [DEBUG] cheese - admin
[2022-09-18T06:31:34.739] [DEBUG] cheese - null
[2022-09-18T06:31:34.739] [DEBUG] cheese - null
[2022-09-19T09:52:32.720] [DEBUG] cheese - login => username:admin,password:123456
[2022-09-19T09:52:32.722] [DEBUG] cheese - admin
[2022-09-19T09:52:32.744] [DEBUG] cheese - null
[2022-09-19T09:52:32.745] [DEBUG] cheese - null
[2022-09-19T18:40:27.052] [DEBUG] cheese - login => username:admin,password:123456
[2022-09-19T18:40:27.059] [DEBUG] cheese - admin
[2022-09-19T18:40:27.076] [DEBUG] cheese - null
[2022-09-19T18:40:27.076] [DEBUG] cheese - null
[2022-09-19T18:52:49.553] [DEBUG] cheese - null
[2022-09-19T18:58:44.068] [DEBUG] cheese - null
[2022-09-19T19:04:22.902] [DEBUG] cheese - null
[2022-09-19T19:07:55.709] [DEBUG] cheese - null
[2022-09-19T19:10:21.825] [DEBUG] cheese - null
[2022-09-19T23:23:53.719] [DEBUG] cheese - null
[2022-09-20T07:49:09.779] [DEBUG] cheese - login => username:admin,password:123456
[2022-09-20T07:49:09.780] [DEBUG] cheese - admin
[2022-09-20T07:49:09.801] [DEBUG] cheese - null
[2022-09-20T07:49:09.801] [DEBUG] cheese - null
[2022-09-20T08:21:09.411] [DEBUG] cheese - login => username:admin,password:123456
[2022-09-20T08:21:09.412] [DEBUG] cheese - admin
[2022-09-20T08:21:09.418] [DEBUG] cheese - null
[2022-09-20T08:21:09.418] [DEBUG] cheese - null
[2022-09-20T08:57:01.032] [DEBUG] cheese - login => username:admin,password:123456
[2022-09-20T08:57:01.033] [DEBUG] cheese - admin
[2022-09-20T08:57:01.037] [DEBUG] cheese - null
[2022-09-20T08:57:01.037] [DEBUG] cheese - null
[2022-09-20T10:12:00.635] [DEBUG] cheese - login => username:admin,password:123456
[2022-09-20T10:12:00.636] [DEBUG] cheese - admin
[2022-09-20T10:12:00.645] [DEBUG] cheese - null
[2022-09-20T10:12:00.646] [DEBUG] cheese - null
[2022-09-20T20:27:32.917] [DEBUG] cheese - login => username:admin,password:123456
[2022-09-20T20:27:32.918] [DEBUG] cheese - admin
[2022-09-20T20:27:32.939] [DEBUG] cheese - null
[2022-09-20T20:27:32.940] [DEBUG] cheese - null
[2022-09-21T08:07:11.910] [DEBUG] cheese - login => username:admin,password:123456
[2022-09-21T08:07:11.913] [DEBUG] cheese - admin
[2022-09-21T08:07:11.960] [DEBUG] cheese - null
[2022-09-21T08:07:11.960] [DEBUG] cheese - null
[2022-09-22T08:07:45.275] [DEBUG] cheese - login => username:admin,password:123456
[2022-09-22T08:07:45.276] [DEBUG] cheese - admin
[2022-09-22T08:07:45.295] [DEBUG] cheese - null
[2022-09-22T08:07:45.295] [DEBUG] cheese - null
[2022-09-23T15:22:38.338] [DEBUG] cheese - login => username:admin,password:123456
[2022-09-23T15:22:38.341] [DEBUG] cheese - admin
[2022-09-23T15:22:38.377] [DEBUG] cheese - null
[2022-09-23T15:22:38.378] [DEBUG] cheese - null
[2022-09-23T23:06:00.230] [DEBUG] cheese - login => username:admin,password:123456
[2022-09-23T23:06:00.242] [DEBUG] cheese - admin
[2022-09-23T23:06:00.309] [DEBUG] cheese - null
[2022-09-23T23:06:00.310] [DEBUG] cheese - null
[2022-09-24T09:07:20.618] [DEBUG] cheese - login => username:admin,password:123456
[2022-09-24T09:07:20.620] [DEBUG] cheese - admin
[2022-09-24T09:07:20.658] [DEBUG] cheese - null
[2022-09-24T09:07:20.660] [DEBUG] cheese - null
[2022-09-25T09:23:38.865] [DEBUG] cheese - login => username:admin,password:123456
[2022-09-25T09:23:38.867] [DEBUG] cheese - admin
[2022-09-25T09:23:38.908] [DEBUG] cheese - null
[2022-09-25T09:23:38.908] [DEBUG] cheese - null
[2022-09-25T23:12:03.688] [DEBUG] cheese - login => username:admin,password:123456
[2022-09-25T23:12:03.698] [DEBUG] cheese - admin
[2022-09-25T23:12:03.755] [DEBUG] cheese - null
[2022-09-25T23:12:03.756] [DEBUG] cheese - null
[2022-09-26T07:00:28.663] [DEBUG] cheese - login => username:admin,password:123456
[2022-09-26T07:00:28.665] [DEBUG] cheese - admin
[2022-09-26T07:00:28.700] [DEBUG] cheese - null
[2022-09-26T07:00:28.701] [DEBUG] cheese - null
[2022-09-27T06:46:33.525] [DEBUG] cheese - login => username:admin,password:123456
[2022-09-27T06:46:33.528] [DEBUG] cheese - admin
[2022-09-27T06:46:33.568] [DEBUG] cheese - null
[2022-09-27T06:46:33.569] [DEBUG] cheese - null
[2022-09-27T20:35:09.679] [DEBUG] cheese - login => username:admin,password:123456
[2022-09-27T20:35:09.682] [DEBUG] cheese - admin
[2022-09-27T20:35:09.745] [DEBUG] cheese - null
[2022-09-27T20:35:09.746] [DEBUG] cheese - null
[2022-09-28T07:09:25.399] [DEBUG] cheese - login => username:admin,password:123456
[2022-09-28T07:09:25.406] [DEBUG] cheese - admin
[2022-09-28T07:09:25.500] [DEBUG] cheese - null
[2022-09-28T07:09:25.501] [DEBUG] cheese - null
[2022-09-28T14:54:03.444] [DEBUG] cheese - login => username:admin,password:123456
[2022-09-28T14:54:03.448] [DEBUG] cheese - admin
[2022-09-28T14:54:03.511] [DEBUG] cheese - null
[2022-09-28T14:54:03.512] [DEBUG] cheese - null
[2022-09-28T16:40:14.103] [DEBUG] cheese - login => username:admin,password:123456
[2022-09-28T16:40:14.108] [DEBUG] cheese - admin
[2022-09-28T16:40:14.118] [DEBUG] cheese - null
[2022-09-28T16:40:14.119] [DEBUG] cheese - null
[2022-09-28T16:41:35.007] [DEBUG] cheese - null
[2022-09-29T08:04:53.681] [DEBUG] cheese - login => username:admin,password:123456
[2022-09-29T08:04:53.684] [DEBUG] cheese - admin
[2022-09-29T08:04:53.729] [DEBUG] cheese - null
[2022-09-29T08:04:53.730] [DEBUG] cheese - null
[2022-09-29T11:00:50.686] [DEBUG] cheese - login => username:admin,password:123456
[2022-09-29T11:00:50.695] [DEBUG] cheese - admin
[2022-09-29T11:00:50.727] [DEBUG] cheese - null
[2022-09-29T11:00:50.728] [DEBUG] cheese - null
[2022-09-29T19:00:16.217] [DEBUG] cheese - login => username:admin,password:123456
[2022-09-29T19:00:16.219] [DEBUG] cheese - admin
[2022-09-29T19:00:16.248] [DEBUG] cheese - null
[2022-09-29T19:00:16.248] [DEBUG] cheese - null
[2022-09-29T19:58:49.092] [DEBUG] cheese - null
[2022-09-29T20:02:37.408] [DEBUG] cheese - null
[2022-09-29T20:02:47.530] [DEBUG] cheese - null
[2022-09-29T20:03:57.447] [DEBUG] cheese - null
[2022-09-29T20:04:46.064] [DEBUG] cheese - null
[2022-09-30T06:44:04.093] [DEBUG] cheese - login => username:admin,password:123456
[2022-09-30T06:44:04.095] [DEBUG] cheese - admin
[2022-09-30T06:44:04.116] [DEBUG] cheese - null
[2022-09-30T06:44:04.116] [DEBUG] cheese - null
[2022-09-30T11:41:59.656] [DEBUG] cheese - login => username:admin,password:123456
[2022-09-30T11:41:59.657] [DEBUG] cheese - admin
[2022-09-30T11:41:59.676] [DEBUG] cheese - null
[2022-09-30T11:41:59.676] [DEBUG] cheese - null
[2022-10-02T17:48:01.614] [DEBUG] cheese - login => username:admin,password:123456
[2022-10-02T17:48:01.615] [DEBUG] cheese - admin
[2022-10-02T17:48:01.634] [DEBUG] cheese - null
[2022-10-02T17:48:01.634] [DEBUG] cheese - null
[2022-10-03T08:47:23.428] [DEBUG] cheese - login => username:admin,password:123456
[2022-10-03T08:47:23.429] [DEBUG] cheese - admin
[2022-10-03T08:47:23.439] [DEBUG] cheese - null
[2022-10-03T08:47:23.440] [DEBUG] cheese - null
[2022-10-03T13:15:01.017] [DEBUG] cheese - login => username:admin,password:123456
[2022-10-03T13:15:01.018] [DEBUG] cheese - admin
[2022-10-03T13:15:01.029] [DEBUG] cheese - null
[2022-10-03T13:15:01.029] [DEBUG] cheese - null
[2022-10-04T12:57:55.026] [DEBUG] cheese - login => username:admin,password:123456
[2022-10-04T12:57:55.028] [DEBUG] cheese - admin
[2022-10-04T12:57:55.049] [DEBUG] cheese - null
[2022-10-04T12:57:55.049] [DEBUG] cheese - null
